[INFO  - 2017-05-24T06:50:34.412Z] GhostDriver - Main - running on port 59689
[INFO  - 2017-05-24T06:50:35.603Z] Session [49fbd5f0-404d-11e7-8287-f3068bee39ee] - page.settings - {"XSSAuditingEnabled":false,"javascriptCanCloseWindows":true,"javascriptCanOpenWindows":true,"javascriptEnabled":true,"loadImages":true,"localToRemoteUrlAccessEnabled":false,"userAgent":"Mozilla/5.0 (Windows NT 10.0; Win64; x64) AppleWebKit/537.36 (KHTML, like Gecko) Chrome/58.0.3029.110 Safari/537.36","webSecurityEnabled":true}
[INFO  - 2017-05-24T06:50:35.603Z] Session [49fbd5f0-404d-11e7-8287-f3068bee39ee] - page.customHeaders:  - {}
[INFO  - 2017-05-24T06:50:35.603Z] Session [49fbd5f0-404d-11e7-8287-f3068bee39ee] - Session.negotiatedCapabilities - {"browserName":"phantomjs","version":"2.1.1","driverName":"ghostdriver","driverVersion":"1.2.0","platform":"windows-10-32bit","javascriptEnabled":true,"takesScreenshot":true,"handlesAlerts":false,"databaseEnabled":false,"locationContextEnabled":false,"applicationCacheEnabled":false,"browserConnectionEnabled":false,"cssSelectorsEnabled":true,"webStorageEnabled":false,"rotatable":false,"acceptSslCerts":false,"nativeEvents":true,"proxy":{"proxyType":"direct"},"phantomjs.page.settings.userAgent":"Mozilla/5.0 (Windows NT 10.0; Win64; x64) AppleWebKit/537.36 (KHTML, like Gecko) Chrome/58.0.3029.110 Safari/537.36"}
[INFO  - 2017-05-24T06:50:35.603Z] SessionManagerReqHand - _postNewSessionCommand - New Session Created: 49fbd5f0-404d-11e7-8287-f3068bee39ee
[ERROR - 2017-05-24T06:50:50.617Z] WebElementLocator - _handleLocateCommand - Element(s) NOT Found: GAVE UP. Search Stop Time: 1495608650587

  phantomjs://platform/console++.js:263 in error
[ERROR - 2017-05-24T06:50:59.132Z] WebElementLocator - _handleLocateCommand - Element(s) NOT Found: GAVE UP. Search Stop Time: 1495608659116

  phantomjs://platform/console++.js:263 in error
[ERROR - 2017-05-24T06:51:07.617Z] WebElementLocator - _handleLocateCommand - Element(s) NOT Found: GAVE UP. Search Stop Time: 1495608667599

  phantomjs://platform/console++.js:263 in error
[ERROR - 2017-05-24T06:51:16.095Z] WebElementLocator - _handleLocateCommand - Element(s) NOT Found: GAVE UP. Search Stop Time: 1495608676078

  phantomjs://platform/console++.js:263 in error
[ERROR - 2017-05-24T06:51:24.566Z] WebElementLocator - _handleLocateCommand - Element(s) NOT Found: GAVE UP. Search Stop Time: 1495608684554

  phantomjs://platform/console++.js:263 in error
[ERROR - 2017-05-24T06:51:33.405Z] WebElementLocator - _handleLocateCommand - Element(s) NOT Found: GAVE UP. Search Stop Time: 1495608693387

  phantomjs://platform/console++.js:263 in error
[ERROR - 2017-05-24T06:51:42.296Z] WebElementLocator - _handleLocateCommand - Element(s) NOT Found: GAVE UP. Search Stop Time: 1495608702285

  phantomjs://platform/console++.js:263 in error
[ERROR - 2017-05-24T06:51:50.963Z] WebElementLocator - _handleLocateCommand - Element(s) NOT Found: GAVE UP. Search Stop Time: 1495608710953

  phantomjs://platform/console++.js:263 in error
[ERROR - 2017-05-24T06:51:59.451Z] WebElementLocator - _handleLocateCommand - Element(s) NOT Found: GAVE UP. Search Stop Time: 1495608719427

  phantomjs://platform/console++.js:263 in error
[ERROR - 2017-05-24T06:52:07.934Z] WebElementLocator - _handleLocateCommand - Element(s) NOT Found: GAVE UP. Search Stop Time: 1495608727913

  phantomjs://platform/console++.js:263 in error
[ERROR - 2017-05-24T06:52:33.377Z] WebElementLocator - _handleLocateCommand - Element(s) NOT Found: GAVE UP. Search Stop Time: 1495608753365

  phantomjs://platform/console++.js:263 in error
[ERROR - 2017-05-24T06:52:50.211Z] WebElementLocator - _handleLocateCommand - Element(s) NOT Found: GAVE UP. Search Stop Time: 1495608770171

  phantomjs://platform/console++.js:263 in error
[ERROR - 2017-05-24T06:53:07.194Z] WebElementLocator - _handleLocateCommand - Element(s) NOT Found: GAVE UP. Search Stop Time: 1495608787178

  phantomjs://platform/console++.js:263 in error
[ERROR - 2017-05-24T06:53:24.211Z] WebElementLocator - _handleLocateCommand - Element(s) NOT Found[INFO  - 2017-05-24T06:57:11.025Z] SessionManagerReqHand - _cleanupWindowlessSessions - Asynchronous Sessions clean-up phase starting NOW
[INFO  - 2017-05-24T07:02:11.025Z] SessionManagerReqHand - _cleanupWindowlessSessions - Asynchronous Sessions clean-up phase starting NOW
[INFO  - 2017-05-24T07:07:11.025Z] SessionManagerReqHand - _cleanupWindowlessSessions - Asynchronous Sessions clean-up phase starting NOW
[INFO  - 2017-05-24T07:12:11.025Z] SessionManagerReqHand - _cleanupWindowlessSessions - Asynchronous Sessions clean-up phase starting NOW
[INFO  - 2017-05-24T07:17:11.026Z] SessionManagerReqHand - _cleanupWindowlessSessions - Asynchronous Sessions clean-up phase starting NOW
and - Element(s) NOT Found: GAVE UP. Search Stop Time: 1495609034405

  phantomjs://platform/console++.js:263 in error
[ERROR - 2017-05-24T06:57:22.926Z] WebElementLocator - _[ERROR - 2017-05-24T06:57:35.456Z] WebElementLocator - _handleLocateCommand - Element(s) NOT Found: GAVE UP. Search Stop Time: 14956090554[ERROR - 2017-05-24T06:57:39.903Z] WebElementLocator - _[ERROR - 2017-05-24T06:57:44.372Z] WebElementLocator - _handleLocateCommand - Element(s) NOT Found: GAVE UP. Search Stop Time: 14956090643[ERROR - 2017-05-24T06:57:56.921Z] WebElementLocator - _[ERROR - 2017-05-24T06:58:50.885Z] WebElementLocator - _handleLocateCommand - Element(s) NOT Found: GAVE UP. Search Stop Time: 1495609130876

  phantomjs://platform/console++.js:263 in error
[ERROR - 2017-05-24T07:00:14.110Z] WebElementLocator - _handleLocateCommand - Element(s) NOT Found: GAVE UP. Search Stop Time: 1495609214093

  phantomjs://platform/console++.js:263 in error
[INFO  - 2017-05-24T07:00:34.410Z] SessionManagerReqHand - _cleanupWindowlessSessions - Asynchronous Sessions clean-up phase starting NOW
[ERROR - 2017-05-24T07:01:03.378Z] WebElementLocator - _handleLocateCommand - Element(s) NOT Found: GAVE UP. Search Stop Time: 1495609263360

  phantomjs://platform/console++.js:263 in error
[ERROR - 2017-05-24T07:01:37.743Z] WebElementLocator - _handleLocateCommand - Element(s) NOT Found: GAVE UP. Search Stop Time: 1495609297727

  phantomjs://platform/console++.js:263 in error
[ERROR - 2017-05-24T07:01:54.322Z] WebElementLocator - _handleLocateCommand - Element(s) NOT Found: GAVE UP. Search Stop Time: 1495609314312

  phantomjs://platform/console++.js:263 in error
[ERROR - 2017-05-24T07:02:27.672Z] WebElementLocator - _handleLocateCommand - Element(s) NOT Found: GAVE UP. Search Stop Time: 1495609347653

  phantomjs://platform/console++.js:263 in error
[ERROR - 2017-05-24T07:02:36.194Z] WebElementLocator - _handleLocateCommand - Element(s) NOT Found: GAVE UP. Search Stop Time: 1495609356183

  phantomjs://platform/console++.js:263 in error
[ERROR - 2017-05-24T07:03:10.014Z] WebElementLocator - _handleLocateCommand - Element(s) NOT Found: GAVE UP. Search Stop Time: 1495609390004

  phantomjs://platform/console++.js:263 in error
[ERROR - 2017-05-24T07:03:26.988Z] WebElementLocator - _handleLocateCommand - Element(s) NOT Found: GAVE UP. Search Stop Time: 1495609406978

  phantomjs://platform/console++.js:263 in error
[ERROR - 2017-05-24T07:03:35.445Z] WebElementLocator - _handleLocateCommand - Element(s) NOT Found: GAVE UP. Search Stop Time: 1495609415435

  phantomjs://platform/console++.js:263 in error
[ERROR - 2017-05-24T07:03:52.752Z] WebElementLocator - _handleLocateCommand - Element(s) NOT Found: GAVE UP. Search Stop Time: 1495609432729

  phantomjs://platform/console++.js:263 in error
[ERROR - 2017-05-24T07:04:25.552Z] WebElementLocator - _handleLocateCommand - Element(s) NOT Found: GAVE UP. Search Stop Time: 1495609465530

  phantomjs://platform/console++.js:263 in error
[ERROR - 2017-05-24T07:04:51.150Z] WebElementLocator - _handleLocateCommand - Element(s) NOT Found: GAVE UP. Search Stop Time: 1495609491141

  phantomjs://platform/console++.js:263 in error
[INFO  - 2017-05-24T07:05:34.410Z] SessionManagerReqHand - _cleanupWindowlessSessions - Asynchronous Sessions clean-up phase starting NOW
[ERROR - 2017-05-24T07:06:13.342Z] WebElementLocator - _handleLocateCommand - Element(s) NOT Found: GAVE UP. Search Stop Time: 1495609573290

  phantomjs://platform/console++.js:263 in error
ERROR - 2017-05-24T07:03:48.337Z] WebElementLocator - _handleLocateCommand - Element(s) NOT Found: GAVE UP. Search Stop Time: 1495609428317

  phantomjs://platform/console++.js:263 in error
[ERROR - 2017-05-24T07:04:38.119Z] WebElementLocator - _handleLocateCommand - Element(s) NOT Found: GAVE UP. Search Stop Time: 1495609478086

  phantomjs://platform/console++.js:263 in error
[ERROR - 2017-05-24T07:04:46.712Z] WebElementLocator - _handleLocateCommand - Element(s) NOT Found: GAVE UP. Search Stop Time: 1495609486668

  phantomjs://platform/console++.js:263 in error
[ERROR - 2017-05-24T07:05:19.994Z] WebElementLocator - _handleLocateCommand - Element(s) NOT Found: GAVE UP. Search Stop Time: 1495609519939

  phantomjs://platform/console++.js:263 in error
[INFO  - 2017-05-24T07:05:27.261Z] SessionManagerReqHand - _cleanupWindowlessSessions - Asynchronous Sessions clean-up phase starting NOW
[ERROR - 2017-05-24T07:06:25.913Z] WebElementLocator - _handleLocateCommand - Element(s) NOT Found: GAVE UP. Search Stop Time: 1495609585862

  phantomjs://platform/console++.js:263 in error
[ERROR - 2017-05-24T07:06:34.419Z] WebElementLocator - _handleLocateCommand - Element(s) NOT Found: GAVE UP. Search Stop Time: 1495609594391

  phantomjs://platform/console++.js:263 in error
